[20/06/29 22:10:50][INFO][Cucumber.Pages.WebdriverListener-42] WebDriver navigating to:'https://jira.perficient.com/secure/Dashboard.jspa'
[20/06/29 22:10:58][INFO][Cucumber.Pages.WebdriverListener-88] WebDriver found By.xpath: //h3[contains(text(),'Login')]
[20/06/29 22:10:58][INFO][Cucumber.Pages.testdriver-81] The element is visible[[ChromeDriver: chrome on WINDOWS (c8698dd517b57daf73917a02c3477ee4)] -> xpath: //h3[contains(text(),'Login')]]
[20/06/29 22:10:58][INFO][Cucumber.Pages.WebdriverListener-88] WebDriver found By.id: login-form-username
[20/06/29 22:10:58][INFO][Cucumber.Pages.WebdriverListener-112] WebDriver changing value in element found By.id: login-form-username from '' to 'P.Shanmugam'
[20/06/29 22:10:58][INFO][Cucumber.Pages.WebdriverListener-88] WebDriver found By.id: login-form-password
[20/06/29 22:10:58][INFO][Cucumber.Pages.WebdriverListener-112] WebDriver changing value in element found By.id: login-form-password from '' to 'Dream@2406'
[20/06/29 22:10:58][INFO][Cucumber.Pages.WebdriverListener-88] WebDriver found By.id: login
[20/06/29 22:10:58][INFO][Cucumber.Pages.WebdriverListener-93] WebDriver clicking on[[ChromeDriver: chrome on WINDOWS (c8698dd517b57daf73917a02c3477ee4)] -> id: login]
[20/06/29 22:10:58][INFO][Cucumber.Pages.WebdriverListener-98] WebDriver clicked on[[ChromeDriver: chrome on WINDOWS (c8698dd517b57daf73917a02c3477ee4)] -> id: login]
[20/06/29 22:11:02][INFO][Cucumber.Pages.WebdriverListener-88] WebDriver found By.xpath: //a[contains(@title,'Priyanka Shanmugam')]
[20/06/29 22:11:02][INFO][Cucumber.Pages.testdriver-81] The element is visible[[ChromeDriver: chrome on WINDOWS (c8698dd517b57daf73917a02c3477ee4)] -> xpath: //a[contains(@title,'Priyanka Shanmugam')]]
[20/06/29 22:11:02][INFO][Cucumber.Pages.WebdriverListener-88] WebDriver found By.xpath: //a[contains(@title,'Priyanka Shanmugam')]
[20/06/29 22:11:09][INFO][Cucumber.Pages.WebdriverListener-88] WebDriver found By.id: home_link
[20/06/29 22:11:09][INFO][Cucumber.Pages.testdriver-81] The element is visible[[ChromeDriver: chrome on WINDOWS (c8698dd517b57daf73917a02c3477ee4)] -> id: home_link]
[20/06/29 22:11:09][INFO][Cucumber.Pages.WebdriverListener-88] WebDriver found By.id: home_link
[20/06/29 22:11:09][INFO][Cucumber.Pages.WebdriverListener-88] WebDriver found By.id: home_link
[20/06/29 22:11:09][INFO][Cucumber.Pages.WebdriverListener-93] WebDriver clicking on[[ChromeDriver: chrome on WINDOWS (c8698dd517b57daf73917a02c3477ee4)] -> id: home_link]
[20/06/29 22:11:09][INFO][Cucumber.Pages.WebdriverListener-98] WebDriver clicked on[[ChromeDriver: chrome on WINDOWS (c8698dd517b57daf73917a02c3477ee4)] -> id: home_link]
[20/06/29 22:11:09][INFO][Cucumber.Pages.WebdriverListener-88] WebDriver found By.xpath: //a[contains(text(),'Manage Dashboards')]
[20/06/29 22:11:09][INFO][Cucumber.Pages.WebdriverListener-93] WebDriver clicking on[[ChromeDriver: chrome on WINDOWS (c8698dd517b57daf73917a02c3477ee4)] -> xpath: //a[contains(text(),'Manage Dashboards')]]
[20/06/29 22:11:13][INFO][Cucumber.Pages.WebdriverListener-98] WebDriver clicked on[[ChromeDriver: chrome on WINDOWS (c8698dd517b57daf73917a02c3477ee4)] -> xpath: //a[contains(text(),'Manage Dashboards')]]
[20/06/29 22:11:13][INFO][Cucumber.Pages.WebdriverListener-88] WebDriver found By.id: create_page
[20/06/29 22:11:13][INFO][Cucumber.Pages.testdriver-81] The element is visible[[ChromeDriver: chrome on WINDOWS (c8698dd517b57daf73917a02c3477ee4)] -> id: create_page]
[20/06/29 22:11:13][INFO][Cucumber.Pages.WebdriverListener-88] WebDriver found By.id: create_page
[20/06/29 22:11:13][INFO][Cucumber.Pages.WebdriverListener-93] WebDriver clicking on[[ChromeDriver: chrome on WINDOWS (c8698dd517b57daf73917a02c3477ee4)] -> id: create_page]
[20/06/29 22:11:14][INFO][Cucumber.Pages.WebdriverListener-98] WebDriver clicked on[[ChromeDriver: chrome on WINDOWS (c8698dd517b57daf73917a02c3477ee4)] -> id: create_page]
[20/06/29 22:11:14][INFO][Cucumber.Pages.WebdriverListener-88] WebDriver found By.xpath: //h1[contains(text(),'Create New Dashboard')]
[20/06/29 22:11:14][INFO][Cucumber.Pages.testdriver-81] The element is visible[[ChromeDriver: chrome on WINDOWS (c8698dd517b57daf73917a02c3477ee4)] -> xpath: //h1[contains(text(),'Create New Dashboard')]]
[20/06/29 22:11:14][INFO][Cucumber.Pages.WebdriverListener-88] WebDriver found By.xpath: //h1[contains(text(),'Create New Dashboard')]
[20/06/29 22:11:14][INFO][Cucumber.Pages.WebdriverListener-88] WebDriver found By.name: portalPageName
[20/06/29 22:11:14][INFO][Cucumber.Pages.WebdriverListener-112] WebDriver changing value in element found By.name: portalPageName from '' to 'Test Dashboard'
[20/06/29 22:11:14][INFO][Cucumber.Pages.WebdriverListener-88] WebDriver found By.name: portalPageDescription
[20/06/29 22:11:14][INFO][Cucumber.Pages.WebdriverListener-112] WebDriver changing value in element found By.name: portalPageDescription from '' to 'Test Description'
[20/06/29 22:11:14][INFO][Cucumber.Pages.WebdriverListener-88] WebDriver found By.name: clonePageId
[20/06/29 22:11:14][INFO][Cucumber.Pages.WebdriverListener-88] WebDriver found By.xpath: .//option[normalize-space(.) = "Blank dashboard"]
[20/06/29 22:11:14][INFO][Cucumber.Pages.testdriver-101] The Element is selected successfully[[ChromeDriver: chrome on WINDOWS (c8698dd517b57daf73917a02c3477ee4)] -> name: clonePageId]
[20/06/29 22:11:14][INFO][Cucumber.Pages.WebdriverListener-88] WebDriver found By.id: edit-entity-submit
[20/06/29 22:11:14][INFO][Cucumber.Pages.WebdriverListener-93] WebDriver clicking on[[ChromeDriver: chrome on WINDOWS (c8698dd517b57daf73917a02c3477ee4)] -> id: edit-entity-submit]
[20/06/29 22:11:16][INFO][Cucumber.Pages.WebdriverListener-98] WebDriver clicked on[[ChromeDriver: chrome on WINDOWS (c8698dd517b57daf73917a02c3477ee4)] -> id: edit-entity-submit]
[20/06/29 22:11:16][INFO][Cucumber.Pages.WebdriverListener-88] WebDriver found By.xpath: //div[@class='favourite-item']/a[text()='Test Dashboard']
[20/06/29 22:11:16][INFO][Cucumber.Pages.testdriver-81] The element is visible[[ChromeDriver: chrome on WINDOWS (c8698dd517b57daf73917a02c3477ee4)] -> xpath: //div[@class='favourite-item']/a[text()='Test Dashboard']]
[20/06/29 22:11:16][INFO][Cucumber.Pages.WebdriverListener-88] WebDriver found By.xpath: //div[@class='favourite-item']/a[text()='Test Dashboard']
[20/06/29 22:11:16][INFO][Cucumber.Pages.WebdriverListener-88] WebDriver found By.xpath: //div[@class='favourite-item']/a[text()='Test Dashboard']
[20/06/29 22:11:16][INFO][Cucumber.Pages.WebdriverListener-93] WebDriver clicking on[[ChromeDriver: chrome on WINDOWS (c8698dd517b57daf73917a02c3477ee4)] -> xpath: //div[@class='favourite-item']/a[text()='Test Dashboard']]
[20/06/29 22:11:17][INFO][Cucumber.Pages.WebdriverListener-98] WebDriver clicked on[[ChromeDriver: chrome on WINDOWS (c8698dd517b57daf73917a02c3477ee4)] -> xpath: //div[@class='favourite-item']/a[text()='Test Dashboard']]
[20/06/29 22:11:17][INFO][Cucumber.Pages.WebdriverListener-88] WebDriver found By.xpath: //h1[contains(text(),'Test Dashboard')]
[20/06/29 22:11:17][INFO][Cucumber.Pages.testdriver-81] The element is visible[[ChromeDriver: chrome on WINDOWS (c8698dd517b57daf73917a02c3477ee4)] -> xpath: //h1[contains(text(),'Test Dashboard')]]
[20/06/29 22:11:17][INFO][Cucumber.Pages.WebdriverListener-88] WebDriver found By.xpath: //h1[contains(text(),'Test Dashboard')]
[20/06/29 22:11:17][INFO][Cucumber.Pages.WebdriverListener-88] WebDriver found By.id: add-gadget
[20/06/29 22:11:17][INFO][Cucumber.Pages.WebdriverListener-93] WebDriver clicking on[[ChromeDriver: chrome on WINDOWS (c8698dd517b57daf73917a02c3477ee4)] -> id: add-gadget]
[20/06/29 22:11:17][INFO][Cucumber.Pages.WebdriverListener-98] WebDriver clicked on[[ChromeDriver: chrome on WINDOWS (c8698dd517b57daf73917a02c3477ee4)] -> id: add-gadget]
[20/06/29 22:11:19][INFO][Cucumber.Pages.WebdriverListener-88] WebDriver found By.xpath: //a[contains(text(),'Load all gadgets')]
[20/06/29 22:11:19][INFO][Cucumber.Pages.WebdriverListener-88] WebDriver found By.xpath: //a[contains(text(),'Load all gadgets')]
[20/06/29 22:11:19][INFO][Cucumber.Pages.WebdriverListener-93] WebDriver clicking on[[ChromeDriver: chrome on WINDOWS (c8698dd517b57daf73917a02c3477ee4)] -> xpath: //a[contains(text(),'Load all gadgets')]]
[20/06/29 22:11:19][INFO][Cucumber.Pages.WebdriverListener-98] WebDriver clicked on[[ChromeDriver: chrome on WINDOWS (c8698dd517b57daf73917a02c3477ee4)] -> xpath: //a[contains(text(),'Load all gadgets')]]
[20/06/29 22:11:19][INFO][Cucumber.Pages.WebdriverListener-88] WebDriver found By.xpath: //button[contains(@data-item-id,'activitystream-gadget.xml')]
[20/06/29 22:11:19][INFO][Cucumber.Pages.testdriver-81] The element is visible[[ChromeDriver: chrome on WINDOWS (c8698dd517b57daf73917a02c3477ee4)] -> xpath: //button[contains(@data-item-id,'activitystream-gadget.xml')]]
[20/06/29 22:11:19][INFO][Cucumber.Pages.WebdriverListener-88] WebDriver found By.xpath: //button[contains(@data-item-id,'activitystream-gadget.xml')]
[20/06/29 22:11:19][INFO][Cucumber.Pages.WebdriverListener-93] WebDriver clicking on[[ChromeDriver: chrome on WINDOWS (c8698dd517b57daf73917a02c3477ee4)] -> xpath: //button[contains(@data-item-id,'activitystream-gadget.xml')]]
[20/06/29 22:11:19][INFO][Cucumber.Pages.WebdriverListener-98] WebDriver clicked on[[ChromeDriver: chrome on WINDOWS (c8698dd517b57daf73917a02c3477ee4)] -> xpath: //button[contains(@data-item-id,'activitystream-gadget.xml')]]
[20/06/29 22:11:19][INFO][Cucumber.Pages.WebdriverListener-88] WebDriver found By.xpath: //span[contains(@class,'close-dialog')]
[20/06/29 22:11:19][INFO][Cucumber.Pages.WebdriverListener-93] WebDriver clicking on[[ChromeDriver: chrome on WINDOWS (c8698dd517b57daf73917a02c3477ee4)] -> xpath: //span[contains(@class,'close-dialog')]]
[20/06/29 22:11:20][INFO][Cucumber.Pages.WebdriverListener-98] WebDriver clicked on[[ChromeDriver: chrome on WINDOWS (c8698dd517b57daf73917a02c3477ee4)] -> xpath: //span[contains(@class,'close-dialog')]]
[20/06/29 22:11:20][INFO][Cucumber.Pages.WebdriverListener-88] WebDriver found By.xpath: //h3[contains(text(),'Activity Stream')]
[20/06/29 22:11:20][INFO][Cucumber.Pages.WebdriverListener-88] WebDriver found By.xpath: //a[contains(text(),'add a new gadget.')]
[20/06/29 22:11:20][INFO][Cucumber.Pages.WebdriverListener-93] WebDriver clicking on[[ChromeDriver: chrome on WINDOWS (c8698dd517b57daf73917a02c3477ee4)] -> xpath: //a[contains(text(),'add a new gadget.')]]
[20/06/29 22:11:20][INFO][Cucumber.Pages.WebdriverListener-98] WebDriver clicked on[[ChromeDriver: chrome on WINDOWS (c8698dd517b57daf73917a02c3477ee4)] -> xpath: //a[contains(text(),'add a new gadget.')]]
[20/06/29 22:11:20][INFO][Cucumber.Pages.WebdriverListener-88] WebDriver found By.xpath: //div[contains(@data-item-id,'assigned-to-me-gadget.xml')]//button
[20/06/29 22:11:20][INFO][Cucumber.Pages.testdriver-81] The element is visible[[ChromeDriver: chrome on WINDOWS (c8698dd517b57daf73917a02c3477ee4)] -> xpath: //div[contains(@data-item-id,'assigned-to-me-gadget.xml')]//button]
[20/06/29 22:11:20][INFO][Cucumber.Pages.WebdriverListener-88] WebDriver found By.xpath: //div[contains(@data-item-id,'assigned-to-me-gadget.xml')]//button
[20/06/29 22:11:20][INFO][Cucumber.Pages.WebdriverListener-93] WebDriver clicking on[[ChromeDriver: chrome on WINDOWS (c8698dd517b57daf73917a02c3477ee4)] -> xpath: //div[contains(@data-item-id,'assigned-to-me-gadget.xml')]//button]
[20/06/29 22:11:20][INFO][Cucumber.Pages.WebdriverListener-98] WebDriver clicked on[[ChromeDriver: chrome on WINDOWS (c8698dd517b57daf73917a02c3477ee4)] -> xpath: //div[contains(@data-item-id,'assigned-to-me-gadget.xml')]//button]
[20/06/29 22:11:20][INFO][Cucumber.Pages.WebdriverListener-88] WebDriver found By.xpath: //span[contains(@class,'close-dialog')]
[20/06/29 22:11:20][INFO][Cucumber.Pages.WebdriverListener-93] WebDriver clicking on[[ChromeDriver: chrome on WINDOWS (c8698dd517b57daf73917a02c3477ee4)] -> xpath: //span[contains(@class,'close-dialog')]]
[20/06/29 22:11:20][INFO][Cucumber.Pages.WebdriverListener-98] WebDriver clicked on[[ChromeDriver: chrome on WINDOWS (c8698dd517b57daf73917a02c3477ee4)] -> xpath: //span[contains(@class,'close-dialog')]]
[20/06/29 22:11:21][INFO][Cucumber.Pages.WebdriverListener-88] WebDriver found By.xpath: //h3[contains(text(),'Assigned to Me')]
[20/06/29 22:11:21][INFO][Cucumber.Pages.WebdriverListener-88] WebDriver found By.xpath: //span[@class='aui-icon-small aui-iconfont-more']
[20/06/29 22:11:21][INFO][Cucumber.Pages.WebdriverListener-93] WebDriver clicking on[[ChromeDriver: chrome on WINDOWS (c8698dd517b57daf73917a02c3477ee4)] -> xpath: //span[@class='aui-icon-small aui-iconfont-more']]
[20/06/29 22:11:21][INFO][Cucumber.Pages.WebdriverListener-98] WebDriver clicked on[[ChromeDriver: chrome on WINDOWS (c8698dd517b57daf73917a02c3477ee4)] -> xpath: //span[@class='aui-icon-small aui-iconfont-more']]
[20/06/29 22:11:21][INFO][Cucumber.Pages.WebdriverListener-88] WebDriver found By.xpath: //a[contains(@class,'item-link delete')]
[20/06/29 22:11:21][INFO][Cucumber.Pages.WebdriverListener-93] WebDriver clicking on[[ChromeDriver: chrome on WINDOWS (c8698dd517b57daf73917a02c3477ee4)] -> xpath: //a[contains(@class,'item-link delete')]]
[20/06/29 22:11:21][INFO][Cucumber.Pages.WebdriverListener-98] WebDriver clicked on[[ChromeDriver: chrome on WINDOWS (c8698dd517b57daf73917a02c3477ee4)] -> xpath: //a[contains(@class,'item-link delete')]]
[20/06/29 22:11:21][INFO][Cucumber.Pages.testdriver-151] Accepted the alert
[20/06/29 22:11:21][INFO][Cucumber.Pages.WebdriverListener-88] WebDriver found By.xpath: //div[@class='aui-page-header-main']/h1[text()='Test Dashboard']
[20/06/29 22:11:39][ERROR][Cucumber.Pages.WebdriverListener-140] WebDriver error: Element not found By.xpath: //h3[contains(text(),'Activity Stream')]
[20/06/29 22:11:39][INFO][Cucumber.Pages.WebdriverListener-88] WebDriver found By.xpath: //div[@class='dashboard-item-header']
[20/06/29 22:11:39][INFO][Cucumber.Pages.WebdriverListener-88] WebDriver found By.xpath: (//li[contains(@class,'empty-text')])
[20/06/29 22:11:39][INFO][Cucumber.Pages.WebdriverListener-88] WebDriver found By.xpath: //a[contains(text(),'add a new gadget.')]
[20/06/29 22:11:39][INFO][Cucumber.Pages.WebdriverListener-93] WebDriver clicking on[[ChromeDriver: chrome on WINDOWS (c8698dd517b57daf73917a02c3477ee4)] -> xpath: //a[contains(text(),'add a new gadget.')]]
[20/06/29 22:11:40][INFO][Cucumber.Pages.WebdriverListener-98] WebDriver clicked on[[ChromeDriver: chrome on WINDOWS (c8698dd517b57daf73917a02c3477ee4)] -> xpath: //a[contains(text(),'add a new gadget.')]]
[20/06/29 22:11:40][INFO][Cucumber.Pages.WebdriverListener-88] WebDriver found By.xpath: //button[contains(@data-item-id,'favourite-filters')]
[20/06/29 22:11:40][INFO][Cucumber.Pages.testdriver-81] The element is visible[[ChromeDriver: chrome on WINDOWS (c8698dd517b57daf73917a02c3477ee4)] -> xpath: //button[contains(@data-item-id,'favourite-filters')]]
[20/06/29 22:11:40][INFO][Cucumber.Pages.WebdriverListener-88] WebDriver found By.xpath: //button[contains(@data-item-id,'favourite-filters')]
[20/06/29 22:11:40][INFO][Cucumber.Pages.WebdriverListener-93] WebDriver clicking on[[ChromeDriver: chrome on WINDOWS (c8698dd517b57daf73917a02c3477ee4)] -> xpath: //button[contains(@data-item-id,'favourite-filters')]]
[20/06/29 22:11:40][INFO][Cucumber.Pages.WebdriverListener-98] WebDriver clicked on[[ChromeDriver: chrome on WINDOWS (c8698dd517b57daf73917a02c3477ee4)] -> xpath: //button[contains(@data-item-id,'favourite-filters')]]
[20/06/29 22:11:40][INFO][Cucumber.Pages.WebdriverListener-88] WebDriver found By.xpath: //span[contains(@class,'close-dialog')]
[20/06/29 22:11:40][INFO][Cucumber.Pages.WebdriverListener-93] WebDriver clicking on[[ChromeDriver: chrome on WINDOWS (c8698dd517b57daf73917a02c3477ee4)] -> xpath: //span[contains(@class,'close-dialog')]]
[20/06/29 22:11:40][INFO][Cucumber.Pages.WebdriverListener-98] WebDriver clicked on[[ChromeDriver: chrome on WINDOWS (c8698dd517b57daf73917a02c3477ee4)] -> xpath: //span[contains(@class,'close-dialog')]]
[20/06/29 22:11:40][INFO][Cucumber.Pages.WebdriverListener-88] WebDriver found By.xpath: //h3[contains(text(),'Favorite Filters')]
[20/06/29 22:11:40][INFO][Cucumber.Pages.WebdriverListener-88] WebDriver found By.id: add-gadget
[20/06/29 22:11:40][INFO][Cucumber.Pages.WebdriverListener-93] WebDriver clicking on[[ChromeDriver: chrome on WINDOWS (c8698dd517b57daf73917a02c3477ee4)] -> id: add-gadget]
[20/06/29 22:11:40][INFO][Cucumber.Pages.WebdriverListener-98] WebDriver clicked on[[ChromeDriver: chrome on WINDOWS (c8698dd517b57daf73917a02c3477ee4)] -> id: add-gadget]
[20/06/29 22:11:43][ERROR][Cucumber.Pages.WebdriverListener-140] WebDriver error: Element not found By.xpath: //a[contains(text(),'Load all gadgets')]
[20/06/29 22:11:43][INFO][Cucumber.Pages.WebdriverListener-88] WebDriver found By.xpath: //button[contains(@data-item-id,'voted-gadget')]
[20/06/29 22:11:43][INFO][Cucumber.Pages.testdriver-81] The element is visible[[ChromeDriver: chrome on WINDOWS (c8698dd517b57daf73917a02c3477ee4)] -> xpath: //button[contains(@data-item-id,'voted-gadget')]]
[20/06/29 22:11:43][INFO][Cucumber.Pages.WebdriverListener-88] WebDriver found By.xpath: //button[contains(@data-item-id,'voted-gadget')]
[20/06/29 22:11:43][INFO][Cucumber.Pages.WebdriverListener-93] WebDriver clicking on[[ChromeDriver: chrome on WINDOWS (c8698dd517b57daf73917a02c3477ee4)] -> xpath: //button[contains(@data-item-id,'voted-gadget')]]
[20/06/29 22:11:43][INFO][Cucumber.Pages.WebdriverListener-98] WebDriver clicked on[[ChromeDriver: chrome on WINDOWS (c8698dd517b57daf73917a02c3477ee4)] -> xpath: //button[contains(@data-item-id,'voted-gadget')]]
[20/06/29 22:11:43][INFO][Cucumber.Pages.WebdriverListener-88] WebDriver found By.xpath: //span[contains(@class,'close-dialog')]
[20/06/29 22:11:43][INFO][Cucumber.Pages.WebdriverListener-93] WebDriver clicking on[[ChromeDriver: chrome on WINDOWS (c8698dd517b57daf73917a02c3477ee4)] -> xpath: //span[contains(@class,'close-dialog')]]
[20/06/29 22:11:44][INFO][Cucumber.Pages.WebdriverListener-98] WebDriver clicked on[[ChromeDriver: chrome on WINDOWS (c8698dd517b57daf73917a02c3477ee4)] -> xpath: //span[contains(@class,'close-dialog')]]
[20/06/29 22:11:44][INFO][Cucumber.Pages.WebdriverListener-88] WebDriver found By.xpath: //h3[contains(text(),'Voted Issues')]
[20/06/29 22:11:44][INFO][Cucumber.Pages.WebdriverListener-88] WebDriver found By.id: add-gadget
[20/06/29 22:11:44][INFO][Cucumber.Pages.WebdriverListener-93] WebDriver clicking on[[ChromeDriver: chrome on WINDOWS (c8698dd517b57daf73917a02c3477ee4)] -> id: add-gadget]
[20/06/29 22:11:44][INFO][Cucumber.Pages.WebdriverListener-98] WebDriver clicked on[[ChromeDriver: chrome on WINDOWS (c8698dd517b57daf73917a02c3477ee4)] -> id: add-gadget]
[20/06/29 22:11:47][ERROR][Cucumber.Pages.WebdriverListener-140] WebDriver error: Element not found By.xpath: //a[contains(text(),'Load all gadgets')]
[20/06/29 22:11:47][INFO][Cucumber.Pages.WebdriverListener-88] WebDriver found By.xpath: //button[contains(@data-item-id,'crucible-charting')]
[20/06/29 22:11:47][INFO][Cucumber.Pages.testdriver-81] The element is visible[[ChromeDriver: chrome on WINDOWS (c8698dd517b57daf73917a02c3477ee4)] -> xpath: //button[contains(@data-item-id,'crucible-charting')]]
[20/06/29 22:11:47][INFO][Cucumber.Pages.WebdriverListener-88] WebDriver found By.xpath: //button[contains(@data-item-id,'crucible-charting')]
[20/06/29 22:11:47][INFO][Cucumber.Pages.WebdriverListener-93] WebDriver clicking on[[ChromeDriver: chrome on WINDOWS (c8698dd517b57daf73917a02c3477ee4)] -> xpath: //button[contains(@data-item-id,'crucible-charting')]]
[20/06/29 22:11:47][INFO][Cucumber.Pages.WebdriverListener-98] WebDriver clicked on[[ChromeDriver: chrome on WINDOWS (c8698dd517b57daf73917a02c3477ee4)] -> xpath: //button[contains(@data-item-id,'crucible-charting')]]
[20/06/29 22:11:47][INFO][Cucumber.Pages.WebdriverListener-88] WebDriver found By.xpath: //span[contains(@class,'close-dialog')]
[20/06/29 22:11:47][INFO][Cucumber.Pages.WebdriverListener-93] WebDriver clicking on[[ChromeDriver: chrome on WINDOWS (c8698dd517b57daf73917a02c3477ee4)] -> xpath: //span[contains(@class,'close-dialog')]]
[20/06/29 22:11:47][INFO][Cucumber.Pages.WebdriverListener-98] WebDriver clicked on[[ChromeDriver: chrome on WINDOWS (c8698dd517b57daf73917a02c3477ee4)] -> xpath: //span[contains(@class,'close-dialog')]]
[20/06/29 22:11:47][INFO][Cucumber.Pages.WebdriverListener-88] WebDriver found By.xpath: //h3[contains(text(),'Crucible Charts')]
[20/06/29 22:13:47][INFO][Cucumber.Pages.WebdriverListener-42] WebDriver navigating to:'https://jira.perficient.com/secure/Dashboard.jspa'
[20/06/29 22:13:55][INFO][Cucumber.Pages.WebdriverListener-88] WebDriver found By.xpath: //h3[contains(text(),'Login')]
[20/06/29 22:13:55][INFO][Cucumber.Pages.testdriver-81] The element is visible[[ChromeDriver: chrome on WINDOWS (0f638e5192a0883cdaa2246db6fa89e6)] -> xpath: //h3[contains(text(),'Login')]]
[20/06/29 22:13:55][INFO][Cucumber.Pages.WebdriverListener-88] WebDriver found By.id: login-form-username
[20/06/29 22:13:55][INFO][Cucumber.Pages.WebdriverListener-112] WebDriver changing value in element found By.id: login-form-username from '' to 'P.Shanmugam'
[20/06/29 22:13:55][INFO][Cucumber.Pages.WebdriverListener-88] WebDriver found By.id: login-form-password
[20/06/29 22:13:55][INFO][Cucumber.Pages.WebdriverListener-112] WebDriver changing value in element found By.id: login-form-password from '' to 'Dream@2406'
[20/06/29 22:13:55][INFO][Cucumber.Pages.WebdriverListener-88] WebDriver found By.id: login
[20/06/29 22:13:55][INFO][Cucumber.Pages.WebdriverListener-93] WebDriver clicking on[[ChromeDriver: chrome on WINDOWS (0f638e5192a0883cdaa2246db6fa89e6)] -> id: login]
[20/06/29 22:13:55][INFO][Cucumber.Pages.WebdriverListener-98] WebDriver clicked on[[ChromeDriver: chrome on WINDOWS (0f638e5192a0883cdaa2246db6fa89e6)] -> id: login]
[20/06/29 22:14:01][INFO][Cucumber.Pages.WebdriverListener-88] WebDriver found By.xpath: //a[contains(@title,'Priyanka Shanmugam')]
[20/06/29 22:14:01][INFO][Cucumber.Pages.testdriver-81] The element is visible[[ChromeDriver: chrome on WINDOWS (0f638e5192a0883cdaa2246db6fa89e6)] -> xpath: //a[contains(@title,'Priyanka Shanmugam')]]
[20/06/29 22:14:01][INFO][Cucumber.Pages.WebdriverListener-88] WebDriver found By.xpath: //a[contains(@title,'Priyanka Shanmugam')]
[20/06/29 22:14:08][INFO][Cucumber.Pages.WebdriverListener-88] WebDriver found By.id: home_link
[20/06/29 22:14:08][INFO][Cucumber.Pages.testdriver-81] The element is visible[[ChromeDriver: chrome on WINDOWS (0f638e5192a0883cdaa2246db6fa89e6)] -> id: home_link]
[20/06/29 22:14:08][INFO][Cucumber.Pages.WebdriverListener-88] WebDriver found By.id: home_link
[20/06/29 22:14:08][INFO][Cucumber.Pages.WebdriverListener-88] WebDriver found By.id: home_link
[20/06/29 22:14:08][INFO][Cucumber.Pages.WebdriverListener-93] WebDriver clicking on[[ChromeDriver: chrome on WINDOWS (0f638e5192a0883cdaa2246db6fa89e6)] -> id: home_link]
[20/06/29 22:14:08][INFO][Cucumber.Pages.WebdriverListener-98] WebDriver clicked on[[ChromeDriver: chrome on WINDOWS (0f638e5192a0883cdaa2246db6fa89e6)] -> id: home_link]
[20/06/29 22:14:08][INFO][Cucumber.Pages.WebdriverListener-88] WebDriver found By.xpath: //a[contains(text(),'Manage Dashboards')]
[20/06/29 22:14:08][INFO][Cucumber.Pages.WebdriverListener-93] WebDriver clicking on[[ChromeDriver: chrome on WINDOWS (0f638e5192a0883cdaa2246db6fa89e6)] -> xpath: //a[contains(text(),'Manage Dashboards')]]
[20/06/29 22:14:12][INFO][Cucumber.Pages.WebdriverListener-98] WebDriver clicked on[[ChromeDriver: chrome on WINDOWS (0f638e5192a0883cdaa2246db6fa89e6)] -> xpath: //a[contains(text(),'Manage Dashboards')]]
[20/06/29 22:14:12][INFO][Cucumber.Pages.WebdriverListener-88] WebDriver found By.id: create_page
[20/06/29 22:14:12][INFO][Cucumber.Pages.testdriver-81] The element is visible[[ChromeDriver: chrome on WINDOWS (0f638e5192a0883cdaa2246db6fa89e6)] -> id: create_page]
[20/06/29 22:14:12][INFO][Cucumber.Pages.WebdriverListener-88] WebDriver found By.id: create_page
[20/06/29 22:14:12][INFO][Cucumber.Pages.WebdriverListener-93] WebDriver clicking on[[ChromeDriver: chrome on WINDOWS (0f638e5192a0883cdaa2246db6fa89e6)] -> id: create_page]
[20/06/29 22:14:13][INFO][Cucumber.Pages.WebdriverListener-98] WebDriver clicked on[[ChromeDriver: chrome on WINDOWS (0f638e5192a0883cdaa2246db6fa89e6)] -> id: create_page]
[20/06/29 22:14:13][INFO][Cucumber.Pages.WebdriverListener-88] WebDriver found By.xpath: //h1[contains(text(),'Create New Dashboard')]
[20/06/29 22:14:13][INFO][Cucumber.Pages.testdriver-81] The element is visible[[ChromeDriver: chrome on WINDOWS (0f638e5192a0883cdaa2246db6fa89e6)] -> xpath: //h1[contains(text(),'Create New Dashboard')]]
[20/06/29 22:14:13][INFO][Cucumber.Pages.WebdriverListener-88] WebDriver found By.xpath: //h1[contains(text(),'Create New Dashboard')]
[20/06/29 22:14:13][INFO][Cucumber.Pages.WebdriverListener-88] WebDriver found By.name: portalPageName
[20/06/29 22:14:13][INFO][Cucumber.Pages.WebdriverListener-112] WebDriver changing value in element found By.name: portalPageName from '' to 'Test Dashboard'
[20/06/29 22:14:13][INFO][Cucumber.Pages.WebdriverListener-88] WebDriver found By.name: portalPageDescription
[20/06/29 22:14:13][INFO][Cucumber.Pages.WebdriverListener-112] WebDriver changing value in element found By.name: portalPageDescription from '' to 'Test Description'
[20/06/29 22:14:13][INFO][Cucumber.Pages.WebdriverListener-88] WebDriver found By.name: clonePageId
[20/06/29 22:14:13][INFO][Cucumber.Pages.WebdriverListener-88] WebDriver found By.xpath: .//option[normalize-space(.) = "Blank dashboard"]
[20/06/29 22:14:13][INFO][Cucumber.Pages.testdriver-101] The Element is selected successfully[[ChromeDriver: chrome on WINDOWS (0f638e5192a0883cdaa2246db6fa89e6)] -> name: clonePageId]
[20/06/29 22:14:13][INFO][Cucumber.Pages.WebdriverListener-88] WebDriver found By.id: edit-entity-submit
[20/06/29 22:14:13][INFO][Cucumber.Pages.WebdriverListener-93] WebDriver clicking on[[ChromeDriver: chrome on WINDOWS (0f638e5192a0883cdaa2246db6fa89e6)] -> id: edit-entity-submit]
[20/06/29 22:14:15][INFO][Cucumber.Pages.WebdriverListener-98] WebDriver clicked on[[ChromeDriver: chrome on WINDOWS (0f638e5192a0883cdaa2246db6fa89e6)] -> id: edit-entity-submit]
[20/06/29 22:14:15][INFO][Cucumber.Pages.WebdriverListener-88] WebDriver found By.xpath: //div[@class='favourite-item']/a[text()='Test Dashboard']
[20/06/29 22:14:15][INFO][Cucumber.Pages.testdriver-81] The element is visible[[ChromeDriver: chrome on WINDOWS (0f638e5192a0883cdaa2246db6fa89e6)] -> xpath: //div[@class='favourite-item']/a[text()='Test Dashboard']]
[20/06/29 22:14:15][INFO][Cucumber.Pages.WebdriverListener-88] WebDriver found By.xpath: //div[@class='favourite-item']/a[text()='Test Dashboard']
[20/06/29 22:14:15][INFO][Cucumber.Pages.WebdriverListener-88] WebDriver found By.xpath: //div[@class='favourite-item']/a[text()='Test Dashboard']
[20/06/29 22:14:15][INFO][Cucumber.Pages.WebdriverListener-93] WebDriver clicking on[[ChromeDriver: chrome on WINDOWS (0f638e5192a0883cdaa2246db6fa89e6)] -> xpath: //div[@class='favourite-item']/a[text()='Test Dashboard']]
[20/06/29 22:14:16][INFO][Cucumber.Pages.WebdriverListener-98] WebDriver clicked on[[ChromeDriver: chrome on WINDOWS (0f638e5192a0883cdaa2246db6fa89e6)] -> xpath: //div[@class='favourite-item']/a[text()='Test Dashboard']]
[20/06/29 22:14:16][INFO][Cucumber.Pages.WebdriverListener-88] WebDriver found By.xpath: //h1[contains(text(),'Test Dashboard')]
[20/06/29 22:14:16][INFO][Cucumber.Pages.testdriver-81] The element is visible[[ChromeDriver: chrome on WINDOWS (0f638e5192a0883cdaa2246db6fa89e6)] -> xpath: //h1[contains(text(),'Test Dashboard')]]
[20/06/29 22:14:16][INFO][Cucumber.Pages.WebdriverListener-88] WebDriver found By.xpath: //h1[contains(text(),'Test Dashboard')]
[20/06/29 22:14:16][INFO][Cucumber.Pages.WebdriverListener-88] WebDriver found By.id: add-gadget
[20/06/29 22:14:16][INFO][Cucumber.Pages.WebdriverListener-93] WebDriver clicking on[[ChromeDriver: chrome on WINDOWS (0f638e5192a0883cdaa2246db6fa89e6)] -> id: add-gadget]
[20/06/29 22:14:16][INFO][Cucumber.Pages.WebdriverListener-98] WebDriver clicked on[[ChromeDriver: chrome on WINDOWS (0f638e5192a0883cdaa2246db6fa89e6)] -> id: add-gadget]
[20/06/29 22:14:17][INFO][Cucumber.Pages.WebdriverListener-88] WebDriver found By.xpath: //a[contains(text(),'Load all gadgets')]
[20/06/29 22:14:17][INFO][Cucumber.Pages.WebdriverListener-88] WebDriver found By.xpath: //a[contains(text(),'Load all gadgets')]
[20/06/29 22:14:17][INFO][Cucumber.Pages.WebdriverListener-93] WebDriver clicking on[[ChromeDriver: chrome on WINDOWS (0f638e5192a0883cdaa2246db6fa89e6)] -> xpath: //a[contains(text(),'Load all gadgets')]]
[20/06/29 22:14:17][INFO][Cucumber.Pages.WebdriverListener-98] WebDriver clicked on[[ChromeDriver: chrome on WINDOWS (0f638e5192a0883cdaa2246db6fa89e6)] -> xpath: //a[contains(text(),'Load all gadgets')]]
[20/06/29 22:14:17][INFO][Cucumber.Pages.WebdriverListener-88] WebDriver found By.xpath: //button[contains(@data-item-id,'activitystream-gadget.xml')]
[20/06/29 22:14:17][INFO][Cucumber.Pages.testdriver-81] The element is visible[[ChromeDriver: chrome on WINDOWS (0f638e5192a0883cdaa2246db6fa89e6)] -> xpath: //button[contains(@data-item-id,'activitystream-gadget.xml')]]
[20/06/29 22:14:17][INFO][Cucumber.Pages.WebdriverListener-88] WebDriver found By.xpath: //button[contains(@data-item-id,'activitystream-gadget.xml')]
[20/06/29 22:14:17][INFO][Cucumber.Pages.WebdriverListener-93] WebDriver clicking on[[ChromeDriver: chrome on WINDOWS (0f638e5192a0883cdaa2246db6fa89e6)] -> xpath: //button[contains(@data-item-id,'activitystream-gadget.xml')]]
[20/06/29 22:14:18][INFO][Cucumber.Pages.WebdriverListener-98] WebDriver clicked on[[ChromeDriver: chrome on WINDOWS (0f638e5192a0883cdaa2246db6fa89e6)] -> xpath: //button[contains(@data-item-id,'activitystream-gadget.xml')]]
[20/06/29 22:14:18][INFO][Cucumber.Pages.WebdriverListener-88] WebDriver found By.xpath: //span[contains(@class,'close-dialog')]
[20/06/29 22:14:18][INFO][Cucumber.Pages.WebdriverListener-93] WebDriver clicking on[[ChromeDriver: chrome on WINDOWS (0f638e5192a0883cdaa2246db6fa89e6)] -> xpath: //span[contains(@class,'close-dialog')]]
[20/06/29 22:14:18][INFO][Cucumber.Pages.WebdriverListener-98] WebDriver clicked on[[ChromeDriver: chrome on WINDOWS (0f638e5192a0883cdaa2246db6fa89e6)] -> xpath: //span[contains(@class,'close-dialog')]]
[20/06/29 22:14:18][INFO][Cucumber.Pages.WebdriverListener-88] WebDriver found By.xpath: //h3[contains(text(),'Activity Stream')]
[20/06/29 22:14:18][INFO][Cucumber.Pages.WebdriverListener-88] WebDriver found By.xpath: //a[contains(text(),'add a new gadget.')]
[20/06/29 22:14:18][INFO][Cucumber.Pages.WebdriverListener-93] WebDriver clicking on[[ChromeDriver: chrome on WINDOWS (0f638e5192a0883cdaa2246db6fa89e6)] -> xpath: //a[contains(text(),'add a new gadget.')]]
[20/06/29 22:14:18][INFO][Cucumber.Pages.WebdriverListener-98] WebDriver clicked on[[ChromeDriver: chrome on WINDOWS (0f638e5192a0883cdaa2246db6fa89e6)] -> xpath: //a[contains(text(),'add a new gadget.')]]
[20/06/29 22:14:18][INFO][Cucumber.Pages.WebdriverListener-88] WebDriver found By.xpath: //div[contains(@data-item-id,'assigned-to-me-gadget.xml')]//button
[20/06/29 22:14:18][INFO][Cucumber.Pages.testdriver-81] The element is visible[[ChromeDriver: chrome on WINDOWS (0f638e5192a0883cdaa2246db6fa89e6)] -> xpath: //div[contains(@data-item-id,'assigned-to-me-gadget.xml')]//button]
[20/06/29 22:14:18][INFO][Cucumber.Pages.WebdriverListener-88] WebDriver found By.xpath: //div[contains(@data-item-id,'assigned-to-me-gadget.xml')]//button
[20/06/29 22:14:18][INFO][Cucumber.Pages.WebdriverListener-93] WebDriver clicking on[[ChromeDriver: chrome on WINDOWS (0f638e5192a0883cdaa2246db6fa89e6)] -> xpath: //div[contains(@data-item-id,'assigned-to-me-gadget.xml')]//button]
[20/06/29 22:14:18][INFO][Cucumber.Pages.WebdriverListener-98] WebDriver clicked on[[ChromeDriver: chrome on WINDOWS (0f638e5192a0883cdaa2246db6fa89e6)] -> xpath: //div[contains(@data-item-id,'assigned-to-me-gadget.xml')]//button]
[20/06/29 22:14:18][INFO][Cucumber.Pages.WebdriverListener-88] WebDriver found By.xpath: //span[contains(@class,'close-dialog')]
[20/06/29 22:14:18][INFO][Cucumber.Pages.WebdriverListener-93] WebDriver clicking on[[ChromeDriver: chrome on WINDOWS (0f638e5192a0883cdaa2246db6fa89e6)] -> xpath: //span[contains(@class,'close-dialog')]]
[20/06/29 22:14:19][INFO][Cucumber.Pages.WebdriverListener-98] WebDriver clicked on[[ChromeDriver: chrome on WINDOWS (0f638e5192a0883cdaa2246db6fa89e6)] -> xpath: //span[contains(@class,'close-dialog')]]
[20/06/29 22:14:19][INFO][Cucumber.Pages.WebdriverListener-88] WebDriver found By.xpath: //h3[contains(text(),'Assigned to Me')]
[20/06/29 22:14:19][INFO][Cucumber.Pages.WebdriverListener-88] WebDriver found By.xpath: //span[@class='aui-icon-small aui-iconfont-more']
[20/06/29 22:14:19][INFO][Cucumber.Pages.WebdriverListener-93] WebDriver clicking on[[ChromeDriver: chrome on WINDOWS (0f638e5192a0883cdaa2246db6fa89e6)] -> xpath: //span[@class='aui-icon-small aui-iconfont-more']]
[20/06/29 22:14:19][INFO][Cucumber.Pages.WebdriverListener-98] WebDriver clicked on[[ChromeDriver: chrome on WINDOWS (0f638e5192a0883cdaa2246db6fa89e6)] -> xpath: //span[@class='aui-icon-small aui-iconfont-more']]
[20/06/29 22:14:19][INFO][Cucumber.Pages.WebdriverListener-88] WebDriver found By.xpath: //a[contains(@class,'item-link delete')]
[20/06/29 22:14:19][INFO][Cucumber.Pages.WebdriverListener-93] WebDriver clicking on[[ChromeDriver: chrome on WINDOWS (0f638e5192a0883cdaa2246db6fa89e6)] -> xpath: //a[contains(@class,'item-link delete')]]
[20/06/29 22:14:19][INFO][Cucumber.Pages.WebdriverListener-98] WebDriver clicked on[[ChromeDriver: chrome on WINDOWS (0f638e5192a0883cdaa2246db6fa89e6)] -> xpath: //a[contains(@class,'item-link delete')]]
[20/06/29 22:14:19][INFO][Cucumber.Pages.testdriver-151] Accepted the alert
[20/06/29 22:14:19][INFO][Cucumber.Pages.WebdriverListener-88] WebDriver found By.xpath: //div[@class='aui-page-header-main']/h1[text()='Test Dashboard']
[20/06/29 22:14:37][ERROR][Cucumber.Pages.WebdriverListener-140] WebDriver error: Element not found By.xpath: //h3[contains(text(),'Activity Stream')]
[20/06/29 22:14:37][INFO][Cucumber.Pages.WebdriverListener-88] WebDriver found By.xpath: //div[@class='dashboard-item-header']
[20/06/29 22:14:37][INFO][Cucumber.Pages.WebdriverListener-88] WebDriver found By.xpath: (//li[contains(@class,'empty-text')])
[20/06/29 22:14:38][INFO][Cucumber.Pages.WebdriverListener-88] WebDriver found By.xpath: //a[contains(text(),'add a new gadget.')]
[20/06/29 22:14:38][INFO][Cucumber.Pages.WebdriverListener-93] WebDriver clicking on[[ChromeDriver: chrome on WINDOWS (0f638e5192a0883cdaa2246db6fa89e6)] -> xpath: //a[contains(text(),'add a new gadget.')]]
[20/06/29 22:14:38][INFO][Cucumber.Pages.WebdriverListener-98] WebDriver clicked on[[ChromeDriver: chrome on WINDOWS (0f638e5192a0883cdaa2246db6fa89e6)] -> xpath: //a[contains(text(),'add a new gadget.')]]
[20/06/29 22:14:38][INFO][Cucumber.Pages.WebdriverListener-88] WebDriver found By.xpath: //button[contains(@data-item-id,'favourite-filters')]
[20/06/29 22:14:38][INFO][Cucumber.Pages.testdriver-81] The element is visible[[ChromeDriver: chrome on WINDOWS (0f638e5192a0883cdaa2246db6fa89e6)] -> xpath: //button[contains(@data-item-id,'favourite-filters')]]
[20/06/29 22:14:38][INFO][Cucumber.Pages.WebdriverListener-88] WebDriver found By.xpath: //button[contains(@data-item-id,'favourite-filters')]
[20/06/29 22:14:38][INFO][Cucumber.Pages.WebdriverListener-93] WebDriver clicking on[[ChromeDriver: chrome on WINDOWS (0f638e5192a0883cdaa2246db6fa89e6)] -> xpath: //button[contains(@data-item-id,'favourite-filters')]]
[20/06/29 22:14:38][INFO][Cucumber.Pages.WebdriverListener-98] WebDriver clicked on[[ChromeDriver: chrome on WINDOWS (0f638e5192a0883cdaa2246db6fa89e6)] -> xpath: //button[contains(@data-item-id,'favourite-filters')]]
[20/06/29 22:14:38][INFO][Cucumber.Pages.WebdriverListener-88] WebDriver found By.xpath: //span[contains(@class,'close-dialog')]
[20/06/29 22:14:38][INFO][Cucumber.Pages.WebdriverListener-93] WebDriver clicking on[[ChromeDriver: chrome on WINDOWS (0f638e5192a0883cdaa2246db6fa89e6)] -> xpath: //span[contains(@class,'close-dialog')]]
[20/06/29 22:14:38][INFO][Cucumber.Pages.WebdriverListener-98] WebDriver clicked on[[ChromeDriver: chrome on WINDOWS (0f638e5192a0883cdaa2246db6fa89e6)] -> xpath: //span[contains(@class,'close-dialog')]]
[20/06/29 22:14:38][INFO][Cucumber.Pages.WebdriverListener-88] WebDriver found By.xpath: //h3[contains(text(),'Favorite Filters')]
[20/06/29 22:14:38][INFO][Cucumber.Pages.WebdriverListener-88] WebDriver found By.id: add-gadget
[20/06/29 22:14:38][INFO][Cucumber.Pages.WebdriverListener-93] WebDriver clicking on[[ChromeDriver: chrome on WINDOWS (0f638e5192a0883cdaa2246db6fa89e6)] -> id: add-gadget]
[20/06/29 22:14:39][INFO][Cucumber.Pages.WebdriverListener-98] WebDriver clicked on[[ChromeDriver: chrome on WINDOWS (0f638e5192a0883cdaa2246db6fa89e6)] -> id: add-gadget]
[20/06/29 22:14:42][ERROR][Cucumber.Pages.WebdriverListener-140] WebDriver error: Element not found By.xpath: //a[contains(text(),'Load all gadgets')]
[20/06/29 22:14:42][INFO][Cucumber.Pages.WebdriverListener-88] WebDriver found By.xpath: //button[contains(@data-item-id,'voted-gadget')]
[20/06/29 22:14:42][INFO][Cucumber.Pages.testdriver-81] The element is visible[[ChromeDriver: chrome on WINDOWS (0f638e5192a0883cdaa2246db6fa89e6)] -> xpath: //button[contains(@data-item-id,'voted-gadget')]]
[20/06/29 22:14:42][INFO][Cucumber.Pages.WebdriverListener-88] WebDriver found By.xpath: //button[contains(@data-item-id,'voted-gadget')]
[20/06/29 22:14:42][INFO][Cucumber.Pages.WebdriverListener-93] WebDriver clicking on[[ChromeDriver: chrome on WINDOWS (0f638e5192a0883cdaa2246db6fa89e6)] -> xpath: //button[contains(@data-item-id,'voted-gadget')]]
[20/06/29 22:14:42][INFO][Cucumber.Pages.WebdriverListener-98] WebDriver clicked on[[ChromeDriver: chrome on WINDOWS (0f638e5192a0883cdaa2246db6fa89e6)] -> xpath: //button[contains(@data-item-id,'voted-gadget')]]
[20/06/29 22:14:42][INFO][Cucumber.Pages.WebdriverListener-88] WebDriver found By.xpath: //span[contains(@class,'close-dialog')]
[20/06/29 22:14:42][INFO][Cucumber.Pages.WebdriverListener-93] WebDriver clicking on[[ChromeDriver: chrome on WINDOWS (0f638e5192a0883cdaa2246db6fa89e6)] -> xpath: //span[contains(@class,'close-dialog')]]
[20/06/29 22:14:42][INFO][Cucumber.Pages.WebdriverListener-98] WebDriver clicked on[[ChromeDriver: chrome on WINDOWS (0f638e5192a0883cdaa2246db6fa89e6)] -> xpath: //span[contains(@class,'close-dialog')]]
[20/06/29 22:14:42][INFO][Cucumber.Pages.WebdriverListener-88] WebDriver found By.xpath: //h3[contains(text(),'Voted Issues')]
[20/06/29 22:14:42][INFO][Cucumber.Pages.WebdriverListener-88] WebDriver found By.id: add-gadget
[20/06/29 22:14:42][INFO][Cucumber.Pages.WebdriverListener-93] WebDriver clicking on[[ChromeDriver: chrome on WINDOWS (0f638e5192a0883cdaa2246db6fa89e6)] -> id: add-gadget]
[20/06/29 22:14:42][INFO][Cucumber.Pages.WebdriverListener-98] WebDriver clicked on[[ChromeDriver: chrome on WINDOWS (0f638e5192a0883cdaa2246db6fa89e6)] -> id: add-gadget]
[20/06/29 22:14:45][ERROR][Cucumber.Pages.WebdriverListener-140] WebDriver error: Element not found By.xpath: //a[contains(text(),'Load all gadgets')]
[20/06/29 22:14:45][INFO][Cucumber.Pages.WebdriverListener-88] WebDriver found By.xpath: //button[contains(@data-item-id,'crucible-charting')]
[20/06/29 22:14:45][INFO][Cucumber.Pages.testdriver-81] The element is visible[[ChromeDriver: chrome on WINDOWS (0f638e5192a0883cdaa2246db6fa89e6)] -> xpath: //button[contains(@data-item-id,'crucible-charting')]]
[20/06/29 22:14:45][INFO][Cucumber.Pages.WebdriverListener-88] WebDriver found By.xpath: //button[contains(@data-item-id,'crucible-charting')]
[20/06/29 22:14:45][INFO][Cucumber.Pages.WebdriverListener-93] WebDriver clicking on[[ChromeDriver: chrome on WINDOWS (0f638e5192a0883cdaa2246db6fa89e6)] -> xpath: //button[contains(@data-item-id,'crucible-charting')]]
[20/06/29 22:14:45][INFO][Cucumber.Pages.WebdriverListener-98] WebDriver clicked on[[ChromeDriver: chrome on WINDOWS (0f638e5192a0883cdaa2246db6fa89e6)] -> xpath: //button[contains(@data-item-id,'crucible-charting')]]
[20/06/29 22:14:45][INFO][Cucumber.Pages.WebdriverListener-88] WebDriver found By.xpath: //span[contains(@class,'close-dialog')]
[20/06/29 22:14:45][INFO][Cucumber.Pages.WebdriverListener-93] WebDriver clicking on[[ChromeDriver: chrome on WINDOWS (0f638e5192a0883cdaa2246db6fa89e6)] -> xpath: //span[contains(@class,'close-dialog')]]
[20/06/29 22:14:46][INFO][Cucumber.Pages.WebdriverListener-98] WebDriver clicked on[[ChromeDriver: chrome on WINDOWS (0f638e5192a0883cdaa2246db6fa89e6)] -> xpath: //span[contains(@class,'close-dialog')]]
[20/06/29 22:14:46][INFO][Cucumber.Pages.WebdriverListener-88] WebDriver found By.xpath: //h3[contains(text(),'Crucible Charts')]
[20/06/29 22:16:29][INFO][Cucumber.Pages.WebdriverListener-42] WebDriver navigating to:'https://jira.perficient.com/secure/Dashboard.jspa'
[20/06/29 22:16:37][INFO][Cucumber.Pages.WebdriverListener-88] WebDriver found By.xpath: //h3[contains(text(),'Login')]
[20/06/29 22:16:37][INFO][Cucumber.Pages.testdriver-81] The element is visible[[ChromeDriver: chrome on WINDOWS (aea9e30ba907c0af1118e08d12826d09)] -> xpath: //h3[contains(text(),'Login')]]
[20/06/29 22:16:37][INFO][Cucumber.Pages.WebdriverListener-88] WebDriver found By.id: login-form-username
[20/06/29 22:16:37][INFO][Cucumber.Pages.WebdriverListener-112] WebDriver changing value in element found By.id: login-form-username from '' to 'P.Shanmugam'
[20/06/29 22:16:37][INFO][Cucumber.Pages.WebdriverListener-88] WebDriver found By.id: login-form-password
[20/06/29 22:16:37][INFO][Cucumber.Pages.WebdriverListener-112] WebDriver changing value in element found By.id: login-form-password from '' to 'Dream@2406'
[20/06/29 22:16:37][INFO][Cucumber.Pages.WebdriverListener-88] WebDriver found By.id: login
[20/06/29 22:16:37][INFO][Cucumber.Pages.WebdriverListener-93] WebDriver clicking on[[ChromeDriver: chrome on WINDOWS (aea9e30ba907c0af1118e08d12826d09)] -> id: login]
[20/06/29 22:16:37][INFO][Cucumber.Pages.WebdriverListener-98] WebDriver clicked on[[ChromeDriver: chrome on WINDOWS (aea9e30ba907c0af1118e08d12826d09)] -> id: login]
[20/06/29 22:16:42][INFO][Cucumber.Pages.WebdriverListener-88] WebDriver found By.xpath: //a[contains(@title,'Priyanka Shanmugam')]
[20/06/29 22:16:42][INFO][Cucumber.Pages.testdriver-81] The element is visible[[ChromeDriver: chrome on WINDOWS (aea9e30ba907c0af1118e08d12826d09)] -> xpath: //a[contains(@title,'Priyanka Shanmugam')]]
[20/06/29 22:16:42][INFO][Cucumber.Pages.WebdriverListener-88] WebDriver found By.xpath: //a[contains(@title,'Priyanka Shanmugam')]
[20/06/29 22:16:49][INFO][Cucumber.Pages.WebdriverListener-88] WebDriver found By.id: home_link
[20/06/29 22:16:49][INFO][Cucumber.Pages.testdriver-81] The element is visible[[ChromeDriver: chrome on WINDOWS (aea9e30ba907c0af1118e08d12826d09)] -> id: home_link]
[20/06/29 22:16:49][INFO][Cucumber.Pages.WebdriverListener-88] WebDriver found By.id: home_link
[20/06/29 22:16:49][INFO][Cucumber.Pages.WebdriverListener-88] WebDriver found By.id: home_link
[20/06/29 22:16:49][INFO][Cucumber.Pages.WebdriverListener-93] WebDriver clicking on[[ChromeDriver: chrome on WINDOWS (aea9e30ba907c0af1118e08d12826d09)] -> id: home_link]
[20/06/29 22:16:49][INFO][Cucumber.Pages.WebdriverListener-98] WebDriver clicked on[[ChromeDriver: chrome on WINDOWS (aea9e30ba907c0af1118e08d12826d09)] -> id: home_link]
[20/06/29 22:16:50][INFO][Cucumber.Pages.WebdriverListener-88] WebDriver found By.xpath: //a[contains(text(),'Manage Dashboards')]
[20/06/29 22:16:50][INFO][Cucumber.Pages.WebdriverListener-93] WebDriver clicking on[[ChromeDriver: chrome on WINDOWS (aea9e30ba907c0af1118e08d12826d09)] -> xpath: //a[contains(text(),'Manage Dashboards')]]
[20/06/29 22:16:53][INFO][Cucumber.Pages.WebdriverListener-98] WebDriver clicked on[[ChromeDriver: chrome on WINDOWS (aea9e30ba907c0af1118e08d12826d09)] -> xpath: //a[contains(text(),'Manage Dashboards')]]
[20/06/29 22:16:53][INFO][Cucumber.Pages.WebdriverListener-88] WebDriver found By.id: create_page
[20/06/29 22:16:53][INFO][Cucumber.Pages.testdriver-81] The element is visible[[ChromeDriver: chrome on WINDOWS (aea9e30ba907c0af1118e08d12826d09)] -> id: create_page]
[20/06/29 22:16:53][INFO][Cucumber.Pages.WebdriverListener-88] WebDriver found By.id: create_page
[20/06/29 22:16:53][INFO][Cucumber.Pages.WebdriverListener-93] WebDriver clicking on[[ChromeDriver: chrome on WINDOWS (aea9e30ba907c0af1118e08d12826d09)] -> id: create_page]
[20/06/29 22:16:54][INFO][Cucumber.Pages.WebdriverListener-98] WebDriver clicked on[[ChromeDriver: chrome on WINDOWS (aea9e30ba907c0af1118e08d12826d09)] -> id: create_page]
[20/06/29 22:16:54][INFO][Cucumber.Pages.WebdriverListener-88] WebDriver found By.xpath: //h1[contains(text(),'Create New Dashboard')]
[20/06/29 22:16:54][INFO][Cucumber.Pages.testdriver-81] The element is visible[[ChromeDriver: chrome on WINDOWS (aea9e30ba907c0af1118e08d12826d09)] -> xpath: //h1[contains(text(),'Create New Dashboard')]]
[20/06/29 22:16:54][INFO][Cucumber.Pages.WebdriverListener-88] WebDriver found By.xpath: //h1[contains(text(),'Create New Dashboard')]
[20/06/29 22:16:54][INFO][Cucumber.Pages.WebdriverListener-88] WebDriver found By.name: portalPageName
[20/06/29 22:16:54][INFO][Cucumber.Pages.WebdriverListener-112] WebDriver changing value in element found By.name: portalPageName from '' to 'Test Dashboard'
[20/06/29 22:16:54][INFO][Cucumber.Pages.WebdriverListener-88] WebDriver found By.name: portalPageDescription
[20/06/29 22:16:54][INFO][Cucumber.Pages.WebdriverListener-112] WebDriver changing value in element found By.name: portalPageDescription from '' to 'Test Description'
[20/06/29 22:16:54][INFO][Cucumber.Pages.WebdriverListener-88] WebDriver found By.name: clonePageId
[20/06/29 22:16:54][INFO][Cucumber.Pages.WebdriverListener-88] WebDriver found By.xpath: .//option[normalize-space(.) = "Blank dashboard"]
[20/06/29 22:16:54][INFO][Cucumber.Pages.testdriver-101] The Element is selected successfully[[ChromeDriver: chrome on WINDOWS (aea9e30ba907c0af1118e08d12826d09)] -> name: clonePageId]
[20/06/29 22:16:54][INFO][Cucumber.Pages.WebdriverListener-88] WebDriver found By.id: edit-entity-submit
[20/06/29 22:16:54][INFO][Cucumber.Pages.WebdriverListener-93] WebDriver clicking on[[ChromeDriver: chrome on WINDOWS (aea9e30ba907c0af1118e08d12826d09)] -> id: edit-entity-submit]
[20/06/29 22:16:55][INFO][Cucumber.Pages.WebdriverListener-98] WebDriver clicked on[[ChromeDriver: chrome on WINDOWS (aea9e30ba907c0af1118e08d12826d09)] -> id: edit-entity-submit]
[20/06/29 22:16:55][INFO][Cucumber.Pages.WebdriverListener-88] WebDriver found By.xpath: //div[@class='favourite-item']/a[text()='Test Dashboard']
[20/06/29 22:16:55][INFO][Cucumber.Pages.testdriver-81] The element is visible[[ChromeDriver: chrome on WINDOWS (aea9e30ba907c0af1118e08d12826d09)] -> xpath: //div[@class='favourite-item']/a[text()='Test Dashboard']]
[20/06/29 22:16:55][INFO][Cucumber.Pages.WebdriverListener-88] WebDriver found By.xpath: //div[@class='favourite-item']/a[text()='Test Dashboard']
[20/06/29 22:16:55][INFO][Cucumber.Pages.WebdriverListener-88] WebDriver found By.xpath: //div[@class='favourite-item']/a[text()='Test Dashboard']
[20/06/29 22:16:55][INFO][Cucumber.Pages.WebdriverListener-93] WebDriver clicking on[[ChromeDriver: chrome on WINDOWS (aea9e30ba907c0af1118e08d12826d09)] -> xpath: //div[@class='favourite-item']/a[text()='Test Dashboard']]
[20/06/29 22:16:56][INFO][Cucumber.Pages.WebdriverListener-98] WebDriver clicked on[[ChromeDriver: chrome on WINDOWS (aea9e30ba907c0af1118e08d12826d09)] -> xpath: //div[@class='favourite-item']/a[text()='Test Dashboard']]
[20/06/29 22:16:56][INFO][Cucumber.Pages.WebdriverListener-88] WebDriver found By.xpath: //h1[contains(text(),'Test Dashboard')]
[20/06/29 22:16:56][INFO][Cucumber.Pages.testdriver-81] The element is visible[[ChromeDriver: chrome on WINDOWS (aea9e30ba907c0af1118e08d12826d09)] -> xpath: //h1[contains(text(),'Test Dashboard')]]
[20/06/29 22:16:56][INFO][Cucumber.Pages.WebdriverListener-88] WebDriver found By.xpath: //h1[contains(text(),'Test Dashboard')]
[20/06/29 22:16:56][INFO][Cucumber.Pages.WebdriverListener-88] WebDriver found By.id: add-gadget
[20/06/29 22:16:56][INFO][Cucumber.Pages.WebdriverListener-93] WebDriver clicking on[[ChromeDriver: chrome on WINDOWS (aea9e30ba907c0af1118e08d12826d09)] -> id: add-gadget]
[20/06/29 22:16:57][INFO][Cucumber.Pages.WebdriverListener-98] WebDriver clicked on[[ChromeDriver: chrome on WINDOWS (aea9e30ba907c0af1118e08d12826d09)] -> id: add-gadget]
[20/06/29 22:16:59][INFO][Cucumber.Pages.WebdriverListener-88] WebDriver found By.xpath: //a[contains(text(),'Load all gadgets')]
[20/06/29 22:16:59][INFO][Cucumber.Pages.WebdriverListener-88] WebDriver found By.xpath: //a[contains(text(),'Load all gadgets')]
[20/06/29 22:16:59][INFO][Cucumber.Pages.WebdriverListener-93] WebDriver clicking on[[ChromeDriver: chrome on WINDOWS (aea9e30ba907c0af1118e08d12826d09)] -> xpath: //a[contains(text(),'Load all gadgets')]]
[20/06/29 22:16:59][INFO][Cucumber.Pages.WebdriverListener-98] WebDriver clicked on[[ChromeDriver: chrome on WINDOWS (aea9e30ba907c0af1118e08d12826d09)] -> xpath: //a[contains(text(),'Load all gadgets')]]
[20/06/29 22:16:59][INFO][Cucumber.Pages.WebdriverListener-88] WebDriver found By.xpath: //button[contains(@data-item-id,'activitystream-gadget.xml')]
[20/06/29 22:16:59][INFO][Cucumber.Pages.testdriver-81] The element is visible[[ChromeDriver: chrome on WINDOWS (aea9e30ba907c0af1118e08d12826d09)] -> xpath: //button[contains(@data-item-id,'activitystream-gadget.xml')]]
[20/06/29 22:16:59][INFO][Cucumber.Pages.WebdriverListener-88] WebDriver found By.xpath: //button[contains(@data-item-id,'activitystream-gadget.xml')]
[20/06/29 22:16:59][INFO][Cucumber.Pages.WebdriverListener-93] WebDriver clicking on[[ChromeDriver: chrome on WINDOWS (aea9e30ba907c0af1118e08d12826d09)] -> xpath: //button[contains(@data-item-id,'activitystream-gadget.xml')]]
[20/06/29 22:16:59][INFO][Cucumber.Pages.WebdriverListener-98] WebDriver clicked on[[ChromeDriver: chrome on WINDOWS (aea9e30ba907c0af1118e08d12826d09)] -> xpath: //button[contains(@data-item-id,'activitystream-gadget.xml')]]
[20/06/29 22:16:59][INFO][Cucumber.Pages.WebdriverListener-88] WebDriver found By.xpath: //span[contains(@class,'close-dialog')]
[20/06/29 22:16:59][INFO][Cucumber.Pages.WebdriverListener-93] WebDriver clicking on[[ChromeDriver: chrome on WINDOWS (aea9e30ba907c0af1118e08d12826d09)] -> xpath: //span[contains(@class,'close-dialog')]]
[20/06/29 22:16:59][INFO][Cucumber.Pages.WebdriverListener-98] WebDriver clicked on[[ChromeDriver: chrome on WINDOWS (aea9e30ba907c0af1118e08d12826d09)] -> xpath: //span[contains(@class,'close-dialog')]]
[20/06/29 22:16:59][INFO][Cucumber.Pages.WebdriverListener-88] WebDriver found By.xpath: //h3[contains(text(),'Activity Stream')]
[20/06/29 22:16:59][INFO][Cucumber.Pages.WebdriverListener-88] WebDriver found By.xpath: //a[contains(text(),'add a new gadget.')]
[20/06/29 22:16:59][INFO][Cucumber.Pages.WebdriverListener-93] WebDriver clicking on[[ChromeDriver: chrome on WINDOWS (aea9e30ba907c0af1118e08d12826d09)] -> xpath: //a[contains(text(),'add a new gadget.')]]
[20/06/29 22:16:59][INFO][Cucumber.Pages.WebdriverListener-98] WebDriver clicked on[[ChromeDriver: chrome on WINDOWS (aea9e30ba907c0af1118e08d12826d09)] -> xpath: //a[contains(text(),'add a new gadget.')]]
[20/06/29 22:16:59][INFO][Cucumber.Pages.WebdriverListener-88] WebDriver found By.xpath: //div[contains(@data-item-id,'assigned-to-me-gadget.xml')]//button
[20/06/29 22:17:00][INFO][Cucumber.Pages.testdriver-81] The element is visible[[ChromeDriver: chrome on WINDOWS (aea9e30ba907c0af1118e08d12826d09)] -> xpath: //div[contains(@data-item-id,'assigned-to-me-gadget.xml')]//button]
[20/06/29 22:17:00][INFO][Cucumber.Pages.WebdriverListener-88] WebDriver found By.xpath: //div[contains(@data-item-id,'assigned-to-me-gadget.xml')]//button
[20/06/29 22:17:00][INFO][Cucumber.Pages.WebdriverListener-93] WebDriver clicking on[[ChromeDriver: chrome on WINDOWS (aea9e30ba907c0af1118e08d12826d09)] -> xpath: //div[contains(@data-item-id,'assigned-to-me-gadget.xml')]//button]
[20/06/29 22:17:00][INFO][Cucumber.Pages.WebdriverListener-98] WebDriver clicked on[[ChromeDriver: chrome on WINDOWS (aea9e30ba907c0af1118e08d12826d09)] -> xpath: //div[contains(@data-item-id,'assigned-to-me-gadget.xml')]//button]
[20/06/29 22:17:00][INFO][Cucumber.Pages.WebdriverListener-88] WebDriver found By.xpath: //span[contains(@class,'close-dialog')]
[20/06/29 22:17:00][INFO][Cucumber.Pages.WebdriverListener-93] WebDriver clicking on[[ChromeDriver: chrome on WINDOWS (aea9e30ba907c0af1118e08d12826d09)] -> xpath: //span[contains(@class,'close-dialog')]]
[20/06/29 22:17:00][INFO][Cucumber.Pages.WebdriverListener-98] WebDriver clicked on[[ChromeDriver: chrome on WINDOWS (aea9e30ba907c0af1118e08d12826d09)] -> xpath: //span[contains(@class,'close-dialog')]]
[20/06/29 22:17:00][INFO][Cucumber.Pages.WebdriverListener-88] WebDriver found By.xpath: //h3[contains(text(),'Assigned to Me')]
[20/06/29 22:17:00][INFO][Cucumber.Pages.WebdriverListener-88] WebDriver found By.xpath: //span[@class='aui-icon-small aui-iconfont-more']
[20/06/29 22:17:00][INFO][Cucumber.Pages.WebdriverListener-93] WebDriver clicking on[[ChromeDriver: chrome on WINDOWS (aea9e30ba907c0af1118e08d12826d09)] -> xpath: //span[@class='aui-icon-small aui-iconfont-more']]
[20/06/29 22:17:00][INFO][Cucumber.Pages.WebdriverListener-98] WebDriver clicked on[[ChromeDriver: chrome on WINDOWS (aea9e30ba907c0af1118e08d12826d09)] -> xpath: //span[@class='aui-icon-small aui-iconfont-more']]
[20/06/29 22:17:00][INFO][Cucumber.Pages.WebdriverListener-88] WebDriver found By.xpath: //a[contains(@class,'item-link delete')]
[20/06/29 22:17:00][INFO][Cucumber.Pages.WebdriverListener-93] WebDriver clicking on[[ChromeDriver: chrome on WINDOWS (aea9e30ba907c0af1118e08d12826d09)] -> xpath: //a[contains(@class,'item-link delete')]]
[20/06/29 22:17:00][INFO][Cucumber.Pages.WebdriverListener-98] WebDriver clicked on[[ChromeDriver: chrome on WINDOWS (aea9e30ba907c0af1118e08d12826d09)] -> xpath: //a[contains(@class,'item-link delete')]]
[20/06/29 22:17:00][INFO][Cucumber.Pages.testdriver-151] Accepted the alert
[20/06/29 22:17:00][INFO][Cucumber.Pages.WebdriverListener-88] WebDriver found By.xpath: //div[@class='aui-page-header-main']/h1[text()='Test Dashboard']
[20/06/29 22:17:18][ERROR][Cucumber.Pages.WebdriverListener-140] WebDriver error: Element not found By.xpath: //h3[contains(text(),'Activity Stream')]
[20/06/29 22:17:18][INFO][Cucumber.Pages.WebdriverListener-88] WebDriver found By.xpath: //div[@class='dashboard-item-header']
[20/06/29 22:17:18][INFO][Cucumber.Pages.WebdriverListener-88] WebDriver found By.xpath: (//li[contains(@class,'empty-text')])
[20/06/29 22:17:19][INFO][Cucumber.Pages.WebdriverListener-88] WebDriver found By.xpath: //a[contains(text(),'add a new gadget.')]
[20/06/29 22:17:19][INFO][Cucumber.Pages.WebdriverListener-93] WebDriver clicking on[[ChromeDriver: chrome on WINDOWS (aea9e30ba907c0af1118e08d12826d09)] -> xpath: //a[contains(text(),'add a new gadget.')]]
[20/06/29 22:17:19][INFO][Cucumber.Pages.WebdriverListener-98] WebDriver clicked on[[ChromeDriver: chrome on WINDOWS (aea9e30ba907c0af1118e08d12826d09)] -> xpath: //a[contains(text(),'add a new gadget.')]]
[20/06/29 22:17:19][INFO][Cucumber.Pages.WebdriverListener-88] WebDriver found By.xpath: //button[contains(@data-item-id,'favourite-filters')]
[20/06/29 22:17:19][INFO][Cucumber.Pages.testdriver-81] The element is visible[[ChromeDriver: chrome on WINDOWS (aea9e30ba907c0af1118e08d12826d09)] -> xpath: //button[contains(@data-item-id,'favourite-filters')]]
[20/06/29 22:17:19][INFO][Cucumber.Pages.WebdriverListener-88] WebDriver found By.xpath: //button[contains(@data-item-id,'favourite-filters')]
[20/06/29 22:17:19][INFO][Cucumber.Pages.WebdriverListener-93] WebDriver clicking on[[ChromeDriver: chrome on WINDOWS (aea9e30ba907c0af1118e08d12826d09)] -> xpath: //button[contains(@data-item-id,'favourite-filters')]]
[20/06/29 22:17:19][INFO][Cucumber.Pages.WebdriverListener-98] WebDriver clicked on[[ChromeDriver: chrome on WINDOWS (aea9e30ba907c0af1118e08d12826d09)] -> xpath: //button[contains(@data-item-id,'favourite-filters')]]
[20/06/29 22:17:19][INFO][Cucumber.Pages.WebdriverListener-88] WebDriver found By.xpath: //span[contains(@class,'close-dialog')]
[20/06/29 22:17:19][INFO][Cucumber.Pages.WebdriverListener-93] WebDriver clicking on[[ChromeDriver: chrome on WINDOWS (aea9e30ba907c0af1118e08d12826d09)] -> xpath: //span[contains(@class,'close-dialog')]]
[20/06/29 22:17:19][INFO][Cucumber.Pages.WebdriverListener-98] WebDriver clicked on[[ChromeDriver: chrome on WINDOWS (aea9e30ba907c0af1118e08d12826d09)] -> xpath: //span[contains(@class,'close-dialog')]]
[20/06/29 22:17:20][INFO][Cucumber.Pages.WebdriverListener-88] WebDriver found By.xpath: //h3[contains(text(),'Favorite Filters')]
[20/06/29 22:17:20][INFO][Cucumber.Pages.WebdriverListener-88] WebDriver found By.id: add-gadget
[20/06/29 22:17:20][INFO][Cucumber.Pages.WebdriverListener-93] WebDriver clicking on[[ChromeDriver: chrome on WINDOWS (aea9e30ba907c0af1118e08d12826d09)] -> id: add-gadget]
[20/06/29 22:17:20][INFO][Cucumber.Pages.WebdriverListener-98] WebDriver clicked on[[ChromeDriver: chrome on WINDOWS (aea9e30ba907c0af1118e08d12826d09)] -> id: add-gadget]
[20/06/29 22:17:23][ERROR][Cucumber.Pages.WebdriverListener-140] WebDriver error: Element not found By.xpath: //a[contains(text(),'Load all gadgets')]
[20/06/29 22:17:23][INFO][Cucumber.Pages.WebdriverListener-88] WebDriver found By.xpath: //button[contains(@data-item-id,'voted-gadget')]
[20/06/29 22:17:23][INFO][Cucumber.Pages.testdriver-81] The element is visible[[ChromeDriver: chrome on WINDOWS (aea9e30ba907c0af1118e08d12826d09)] -> xpath: //button[contains(@data-item-id,'voted-gadget')]]
[20/06/29 22:17:23][INFO][Cucumber.Pages.WebdriverListener-88] WebDriver found By.xpath: //button[contains(@data-item-id,'voted-gadget')]
[20/06/29 22:17:23][INFO][Cucumber.Pages.WebdriverListener-93] WebDriver clicking on[[ChromeDriver: chrome on WINDOWS (aea9e30ba907c0af1118e08d12826d09)] -> xpath: //button[contains(@data-item-id,'voted-gadget')]]
[20/06/29 22:17:23][INFO][Cucumber.Pages.WebdriverListener-98] WebDriver clicked on[[ChromeDriver: chrome on WINDOWS (aea9e30ba907c0af1118e08d12826d09)] -> xpath: //button[contains(@data-item-id,'voted-gadget')]]
[20/06/29 22:17:23][INFO][Cucumber.Pages.WebdriverListener-88] WebDriver found By.xpath: //span[contains(@class,'close-dialog')]
[20/06/29 22:17:23][INFO][Cucumber.Pages.WebdriverListener-93] WebDriver clicking on[[ChromeDriver: chrome on WINDOWS (aea9e30ba907c0af1118e08d12826d09)] -> xpath: //span[contains(@class,'close-dialog')]]
[20/06/29 22:17:23][INFO][Cucumber.Pages.WebdriverListener-98] WebDriver clicked on[[ChromeDriver: chrome on WINDOWS (aea9e30ba907c0af1118e08d12826d09)] -> xpath: //span[contains(@class,'close-dialog')]]
[20/06/29 22:17:23][INFO][Cucumber.Pages.WebdriverListener-88] WebDriver found By.xpath: //h3[contains(text(),'Voted Issues')]
[20/06/29 22:17:23][INFO][Cucumber.Pages.WebdriverListener-88] WebDriver found By.id: add-gadget
[20/06/29 22:17:23][INFO][Cucumber.Pages.WebdriverListener-93] WebDriver clicking on[[ChromeDriver: chrome on WINDOWS (aea9e30ba907c0af1118e08d12826d09)] -> id: add-gadget]
[20/06/29 22:17:24][INFO][Cucumber.Pages.WebdriverListener-98] WebDriver clicked on[[ChromeDriver: chrome on WINDOWS (aea9e30ba907c0af1118e08d12826d09)] -> id: add-gadget]
[20/06/29 22:17:27][ERROR][Cucumber.Pages.WebdriverListener-140] WebDriver error: Element not found By.xpath: //a[contains(text(),'Load all gadgets')]
[20/06/29 22:17:27][INFO][Cucumber.Pages.WebdriverListener-88] WebDriver found By.xpath: //button[contains(@data-item-id,'crucible-charting')]
[20/06/29 22:17:27][INFO][Cucumber.Pages.testdriver-81] The element is visible[[ChromeDriver: chrome on WINDOWS (aea9e30ba907c0af1118e08d12826d09)] -> xpath: //button[contains(@data-item-id,'crucible-charting')]]
[20/06/29 22:17:27][INFO][Cucumber.Pages.WebdriverListener-88] WebDriver found By.xpath: //button[contains(@data-item-id,'crucible-charting')]
[20/06/29 22:17:27][INFO][Cucumber.Pages.WebdriverListener-93] WebDriver clicking on[[ChromeDriver: chrome on WINDOWS (aea9e30ba907c0af1118e08d12826d09)] -> xpath: //button[contains(@data-item-id,'crucible-charting')]]
[20/06/29 22:17:27][INFO][Cucumber.Pages.WebdriverListener-98] WebDriver clicked on[[ChromeDriver: chrome on WINDOWS (aea9e30ba907c0af1118e08d12826d09)] -> xpath: //button[contains(@data-item-id,'crucible-charting')]]
[20/06/29 22:17:27][INFO][Cucumber.Pages.WebdriverListener-88] WebDriver found By.xpath: //span[contains(@class,'close-dialog')]
[20/06/29 22:17:27][INFO][Cucumber.Pages.WebdriverListener-93] WebDriver clicking on[[ChromeDriver: chrome on WINDOWS (aea9e30ba907c0af1118e08d12826d09)] -> xpath: //span[contains(@class,'close-dialog')]]
[20/06/29 22:17:27][INFO][Cucumber.Pages.WebdriverListener-98] WebDriver clicked on[[ChromeDriver: chrome on WINDOWS (aea9e30ba907c0af1118e08d12826d09)] -> xpath: //span[contains(@class,'close-dialog')]]
[20/06/29 22:17:27][INFO][Cucumber.Pages.WebdriverListener-88] WebDriver found By.xpath: //h3[contains(text(),'Crucible Charts')]
